mode: set
github.com/shawkyelshalawy/Daily_Brief/handlers/health.go:8.29,9.66 1 1
github.com/shawkyelshalawy/Daily_Brief/handlers/health.go:9.67,11.3 0 1
github.com/shawkyelshalawy/Daily_Brief/handlers/newsletter.go:15.52,16.78 1 1
github.com/shawkyelshalawy/Daily_Brief/handlers/newsletter.go:16.78,19.23 2 1
github.com/shawkyelshalawy/Daily_Brief/handlers/newsletter.go:24.3,24.70 1 1
github.com/shawkyelshalawy/Daily_Brief/handlers/newsletter.go:29.3,29.62 1 1
github.com/shawkyelshalawy/Daily_Brief/handlers/newsletter.go:19.23,22.4 2 1
github.com/shawkyelshalawy/Daily_Brief/handlers/newsletter.go:24.70,27.4 2 0
github.com/shawkyelshalawy/Daily_Brief/handlers/newsletter.go:33.39,34.77 1 0
github.com/shawkyelshalawy/Daily_Brief/handlers/newsletter.go:34.77,36.3 1 0
github.com/shawkyelshalawy/Daily_Brief/handlers/views.go:9.32,10.60 1 0
github.com/shawkyelshalawy/Daily_Brief/handlers/views.go:10.60,12.3 1 0
github.com/shawkyelshalawy/Daily_Brief/model/mail.go:19.31,21.2 1 1
github.com/shawkyelshalawy/Daily_Brief/model/mail.go:23.32,25.2 1 0
github.com/shawkyelshalawy/Daily_Brief/server/routes.go:10.32,16.2 4 1
github.com/shawkyelshalawy/Daily_Brief/server/routes.go:20.100,22.2 1 0
github.com/shawkyelshalawy/Daily_Brief/server/server.go:29.32,30.21 1 1
github.com/shawkyelshalawy/Daily_Brief/server/server.go:34.2,48.3 3 1
github.com/shawkyelshalawy/Daily_Brief/server/server.go:30.21,32.3 1 1
github.com/shawkyelshalawy/Daily_Brief/server/server.go:51.32,54.91 3 1
github.com/shawkyelshalawy/Daily_Brief/server/server.go:57.2,57.12 1 1
github.com/shawkyelshalawy/Daily_Brief/server/server.go:54.91,56.3 1 0
github.com/shawkyelshalawy/Daily_Brief/server/server.go:60.31,65.47 4 1
github.com/shawkyelshalawy/Daily_Brief/server/server.go:69.2,69.12 1 1
github.com/shawkyelshalawy/Daily_Brief/server/server.go:65.47,67.3 1 0
github.com/shawkyelshalawy/Daily_Brief/storage/database.go:38.53,39.21 1 1
github.com/shawkyelshalawy/Daily_Brief/storage/database.go:42.2,53.3 1 1
github.com/shawkyelshalawy/Daily_Brief/storage/database.go:39.21,41.3 1 1
github.com/shawkyelshalawy/Daily_Brief/storage/database.go:55.36,63.16 6 1
github.com/shawkyelshalawy/Daily_Brief/storage/database.go:67.2,77.12 6 1
github.com/shawkyelshalawy/Daily_Brief/storage/database.go:63.16,65.3 1 0
github.com/shawkyelshalawy/Daily_Brief/storage/database.go:80.67,82.19 2 1
github.com/shawkyelshalawy/Daily_Brief/storage/database.go:85.2,85.109 1 1
github.com/shawkyelshalawy/Daily_Brief/storage/database.go:82.19,84.3 1 1
github.com/shawkyelshalawy/Daily_Brief/storage/database.go:89.52,93.46 3 1
github.com/shawkyelshalawy/Daily_Brief/storage/database.go:96.2,97.12 2 1
github.com/shawkyelshalawy/Daily_Brief/storage/database.go:93.46,95.3 1 0
github.com/shawkyelshalawy/Daily_Brief/storage/newsletter.go:10.96,12.16 2 1
github.com/shawkyelshalawy/Daily_Brief/storage/newsletter.go:15.2,22.19 3 1
github.com/shawkyelshalawy/Daily_Brief/storage/newsletter.go:12.16,14.3 1 0
github.com/shawkyelshalawy/Daily_Brief/storage/newsletter.go:25.37,27.45 2 1
github.com/shawkyelshalawy/Daily_Brief/storage/newsletter.go:30.2,30.39 1 1
github.com/shawkyelshalawy/Daily_Brief/storage/newsletter.go:27.45,29.3 1 0
